<?xml version="1.0" encoding="UTF-8"?>
<!-- Generated by org.testng.reporters.JUnitXMLReporter -->
<testsuite hostname="DESKTOP-S7F72D1" ignored="0" name="Test" tests="4" failures="0" timestamp="28 Dec 2021 20:51:31 GMT" time="5.861" errors="0">
  <testcase name="test_addNewVideoGame" time="3.701" classname="testCases.TC_VideoGameAPI"/>
  <testcase name="test_getVideoGame" time="1.938" classname="testCases.TC_VideoGameAPI"/>
  <testcase name="test_updateVideoGame" time="0.1" classname="testCases.TC_VideoGameAPI"/>
  <testcase name="test_deleteVideoGame" time="0.059" classname="testCases.TC_VideoGameAPI"/>
</testsuite> <!-- Test -->
